This is pdfTeX, Version 3.1415926-2.5-1.40.14 (TeX Live 2013/Debian) (format=pdflatex 2014.5.13)  10 JUN 2014 08:21
entering extended mode
 restricted \write18 enabled.
 %&-line parsing enabled.
**SquashManager.tex
(./SquashManager.tex
LaTeX2e <2011/06/27>
Babel <3.9h> and hyphenation patterns for 78 languages loaded.
(/usr/share/texlive/texmf-dist/tex/latex/koma-script/scrbook.cls
Document Class: scrbook 2013/12/19 v3.12 KOMA-Script document class (book)
(/usr/share/texlive/texmf-dist/tex/latex/koma-script/scrkbase.sty
Package: scrkbase 2013/12/19 v3.12 KOMA-Script package (KOMA-Script-dependent b
asics and keyval usage)

(/usr/share/texlive/texmf-dist/tex/latex/koma-script/scrbase.sty
Package: scrbase 2013/12/19 v3.12 KOMA-Script package (KOMA-Script-independent 
basics and keyval usage)

(/usr/share/texlive/texmf-dist/tex/latex/graphics/keyval.sty
Package: keyval 1999/03/16 v1.13 key=value parser (DPC)
\KV@toks@=\toks14
)
(/usr/share/texlive/texmf-dist/tex/latex/koma-script/scrlfile.sty
Package: scrlfile 2013/12/19 v3.12 KOMA-Script package (loading files)

Package scrlfile, 2013/12/19 v3.12 KOMA-Script package (loading files)
                  Copyright (C) Markus Kohm

))) (/usr/share/texlive/texmf-dist/tex/latex/koma-script/tocbasic.sty
Package: tocbasic 2013/12/19 v3.12 KOMA-Script package (handling toc-files)
)
Package tocbasic Info: omitting babel extension for `toc'
(tocbasic)             because of feature `nobabel' available
(tocbasic)             for `toc' on input line 117.
Package tocbasic Info: omitting babel extension for `lof'
(tocbasic)             because of feature `nobabel' available
(tocbasic)             for `lof' on input line 118.
Package tocbasic Info: omitting babel extension for `lot'
(tocbasic)             because of feature `nobabel' available
(tocbasic)             for `lot' on input line 119.
Package tocbasic Info: defining new hook before heading of `' on input line 111
8.
Package scrbook Info: You've used standard option `12pt'.
(scrbook)             This is correct!
(scrbook)             Internally I'm using `fontsize=12pt'.
(scrbook)             If you'd like to set the option with \KOMAoptions,
(scrbook)             you'd have to use `fontsize=12pt' there
(scrbook)             instead of `12pt', too.
Class scrbook Info: You've used standard option `openany'.
(scrbook)           This is correct!
(scrbook)           Internally I'm using `open=any'.
(scrbook)           If you'd like to set the option with \KOMAoptions,
(scrbook)           you'd have to use `open=any' there
(scrbook)           instead of `openany', too.
Class scrbook Info: File `scrsize12pt.clo' used to setup font sizes on input li
ne 1655.

(/usr/share/texlive/texmf-dist/tex/latex/koma-script/scrsize12pt.clo
File: scrsize12pt.clo 2013/12/19 v3.12 KOMA-Script font size class option (12pt
)
)
(/usr/share/texlive/texmf-dist/tex/latex/koma-script/typearea.sty
Package: typearea 2013/12/19 v3.12 KOMA-Script package (type area)

Package typearea, 2013/12/19 v3.12 KOMA-Script package (type area)
                  Copyright (C) Frank Neukam, 1992-1994
                  Copyright (C) Markus Kohm, 1994-

\ta@bcor=\skip41
\ta@div=\count79
Package typearea Info: You've used standard option `a4paper'.
(typearea)             This is correct!
(typearea)             Internally I'm using `paper=a4'.
(typearea)             If you'd like to set the option with \KOMAoptions,
(typearea)             you'd have to use `paper=a4' there
(typearea)             instead of `a4paper', too.
\ta@hblk=\skip42
\ta@vblk=\skip43
\ta@temp=\skip44
\footheight=\skip45
Package typearea Info: These are the values describing the layout:
(typearea)             DIV  = 12
(typearea)             BCOR = 0.0pt
(typearea)             \paperwidth      = 597.50793pt
(typearea)              \textwidth      = 448.13095pt
(typearea)              DIV departure   = -6%
(typearea)              \evensidemargin = 27.31467pt
(typearea)              \oddsidemargin  = -22.47766pt
(typearea)             \paperheight     = 845.04694pt
(typearea)              \textheight     = 635.5pt
(typearea)              \topmargin      = -41.72441pt
(typearea)              \headheight     = 18.125pt
(typearea)              \headsep        = 21.75pt
(typearea)              \topskip        = 12.0pt
(typearea)              \footskip       = 50.75pt
(typearea)              \baselineskip   = 14.5pt
(typearea)              on input line 1330.
)
\c@part=\count80
\c@chapter=\count81
\c@section=\count82
\c@subsection=\count83
\c@subsubsection=\count84
\c@paragraph=\count85
\c@subparagraph=\count86
\abovecaptionskip=\skip46
\belowcaptionskip=\skip47
\c@pti@nb@sid@b@x=\box26
\c@figure=\count87
\c@table=\count88
\bibindent=\dimen102
) (/usr/share/texlive/texmf-dist/tex/latex/amsmath/amsmath.sty
Package: amsmath 2013/01/14 v2.14 AMS math features
\@mathmargin=\skip48

For additional information on amsmath, use the `?' option.
(/usr/share/texlive/texmf-dist/tex/latex/amsmath/amstext.sty
Package: amstext 2000/06/29 v2.01

(/usr/share/texlive/texmf-dist/tex/latex/amsmath/amsgen.sty
File: amsgen.sty 1999/11/30 v2.0
\@emptytoks=\toks15
\ex@=\dimen103
))
(/usr/share/texlive/texmf-dist/tex/latex/amsmath/amsbsy.sty
Package: amsbsy 1999/11/29 v1.2d
\pmbraise@=\dimen104
)
(/usr/share/texlive/texmf-dist/tex/latex/amsmath/amsopn.sty
Package: amsopn 1999/12/14 v2.01 operator names
)
\inf@bad=\count89
LaTeX Info: Redefining \frac on input line 210.
\uproot@=\count90
\leftroot@=\count91
LaTeX Info: Redefining \overline on input line 306.
\classnum@=\count92
\DOTSCASE@=\count93
LaTeX Info: Redefining \ldots on input line 378.
LaTeX Info: Redefining \dots on input line 381.
LaTeX Info: Redefining \cdots on input line 466.
\Mathstrutbox@=\box27
\strutbox@=\box28
\big@size=\dimen105
LaTeX Font Info:    Redeclaring font encoding OML on input line 566.
LaTeX Font Info:    Redeclaring font encoding OMS on input line 567.
\macc@depth=\count94
\c@MaxMatrixCols=\count95
\dotsspace@=\muskip10
\c@parentequation=\count96
\dspbrk@lvl=\count97
\tag@help=\toks16
\row@=\count98
\column@=\count99
\maxfields@=\count100
\andhelp@=\toks17
\eqnshift@=\dimen106
\alignsep@=\dimen107
\tagshift@=\dimen108
\tagwidth@=\dimen109
\totwidth@=\dimen110
\lineht@=\dimen111
\@envbody=\toks18
\multlinegap=\skip49
\multlinetaggap=\skip50
\mathdisplay@stack=\toks19
LaTeX Info: Redefining \[ on input line 2665.
LaTeX Info: Redefining \] on input line 2666.
)
(/usr/share/texlive/texmf-dist/tex/latex/amsfonts/amsfonts.sty
Package: amsfonts 2013/01/14 v3.01 Basic AMSFonts support
\symAMSa=\mathgroup4
\symAMSb=\mathgroup5
LaTeX Font Info:    Overwriting math alphabet `\mathfrak' in version `bold'
(Font)                  U/euf/m/n --> U/euf/b/n on input line 106.
)
(/usr/share/texlive/texmf-dist/tex/latex/amscls/amsthm.sty
Package: amsthm 2004/08/06 v2.20
\thm@style=\toks20
\thm@bodyfont=\toks21
\thm@headfont=\toks22
\thm@notefont=\toks23
\thm@headpunct=\toks24
\thm@preskip=\skip51
\thm@postskip=\skip52
\thm@headsep=\skip53
\dth@everypar=\toks25
)
(/usr/share/texlive/texmf-dist/tex/latex/amsfonts/amssymb.sty
Package: amssymb 2013/01/14 v3.01 AMS font symbols
)
(/usr/share/texlive/texmf-dist/tex/latex/setspace/setspace.sty
Package: setspace 2011/12/19 v6.7a set line spacing
)
(/usr/share/texlive/texmf-dist/tex/latex/Tabbing/Tabbing.sty
Package: Tabbing 1997/12/18 v1.0 Tabbing environment (JPFD)
)
(/usr/share/texlive/texmf-dist/tex/latex/lastpage/lastpage.sty
Package: lastpage 2013/01/28 v1.2l Refers to last page's name (HMM; JPG)
)
(/usr/share/texlive/texmf-dist/tex/latex/biblatex/biblatex.sty
Package: biblatex 2013/11/25 v2.8a programmable bibliographies (PK/JW/AB)

(/usr/share/texlive/texmf-dist/tex/latex/biblatex/biblatex2.sty
Package: biblatex2 2013/11/25 v2.8a programmable bibliographies (biber) (PK/JW/
AB)

(/usr/share/texlive/texmf-dist/tex/latex/etoolbox/etoolbox.sty
Package: etoolbox 2011/01/03 v2.1 e-TeX tools for LaTeX

(/usr/share/texlive/texmf-dist/tex/latex/etex-pkg/etex.sty
Package: etex 1998/03/26 v2.0 eTeX basic definition package (PEB)
\et@xins=\count101
)
\etb@tempcnta=\count102
)
(/usr/share/texlive/texmf-dist/tex/latex/oberdiek/kvoptions.sty
Package: kvoptions 2011/06/30 v3.11 Key value format for package options (HO)

(/usr/share/texlive/texmf-dist/tex/generic/oberdiek/ltxcmds.sty
Package: ltxcmds 2011/11/09 v1.22 LaTeX kernel commands for general use (HO)
)
(/usr/share/texlive/texmf-dist/tex/generic/oberdiek/kvsetkeys.sty
Package: kvsetkeys 2012/04/25 v1.16 Key value parser (HO)

(/usr/share/texlive/texmf-dist/tex/generic/oberdiek/infwarerr.sty
Package: infwarerr 2010/04/08 v1.3 Providing info/warning/error messages (HO)
)
(/usr/share/texlive/texmf-dist/tex/generic/oberdiek/etexcmds.sty
Package: etexcmds 2011/02/16 v1.5 Avoid name clashes with e-TeX commands (HO)

(/usr/share/texlive/texmf-dist/tex/generic/oberdiek/ifluatex.sty
Package: ifluatex 2010/03/01 v1.3 Provides the ifluatex switch (HO)
Package ifluatex Info: LuaTeX not detected.
)
Package etexcmds Info: Could not find \expanded.
(etexcmds)             That can mean that you are not using pdfTeX 1.50 or
(etexcmds)             that some package has redefined \expanded.
(etexcmds)             In the latter case, load this package earlier.
)))
(/usr/share/texlive/texmf-dist/tex/latex/logreq/logreq.sty
Package: logreq 2010/08/04 v1.0 xml request logger
\lrq@indent=\count103

(/usr/share/texlive/texmf-dist/tex/latex/logreq/logreq.def
File: logreq.def 2010/08/04 v1.0 logreq spec v1.0
))
(/usr/share/texlive/texmf-dist/tex/latex/base/ifthen.sty
Package: ifthen 2001/05/26 v1.1c Standard LaTeX ifthen package (DPC)
)
(/usr/share/texlive/texmf-dist/tex/latex/url/url.sty
\Urlmuskip=\muskip11
Package: url 2013/09/16  ver 3.4  Verb mode for urls, etc.
)
\c@tabx@nest=\count104
\c@listtotal=\count105
\c@listcount=\count106
\c@liststart=\count107
\c@liststop=\count108
\c@citecount=\count109
\c@citetotal=\count110
\c@multicitecount=\count111
\c@multicitetotal=\count112
\c@instcount=\count113
\c@maxnames=\count114
\c@minnames=\count115
\c@maxitems=\count116
\c@minitems=\count117
\c@citecounter=\count118
\c@savedcitecounter=\count119
\c@uniquelist=\count120
\c@uniquename=\count121
\c@refsection=\count122
\c@refsegment=\count123
\c@maxextratitle=\count124
\c@maxextratitleyear=\count125
\c@maxextrayear=\count126
\c@maxextraalpha=\count127
\c@abbrvpenalty=\count128
\c@highnamepenalty=\count129
\c@lownamepenalty=\count130
\c@maxparens=\count131
\c@parenlevel=\count132
\blx@tempcnta=\count133
\blx@tempcntb=\count134
\blx@tempcntc=\count135
\blx@maxsection=\count136
\blx@maxsegment@0=\count137
\blx@notetype=\count138
\blx@parenlevel@text=\count139
\blx@parenlevel@foot=\count140
\blx@sectionciteorder@0=\count141
\labelnumberwidth=\skip54
\labelalphawidth=\skip55
\shorthandwidth=\skip56
\biblabelsep=\skip57
\bibitemsep=\skip58
\bibnamesep=\skip59
\bibinitsep=\skip60
\bibparsep=\skip61
\bibhang=\skip62
\blx@bcfin=\read1
\blx@bcfout=\write3
\c@mincomprange=\count142
\c@maxcomprange=\count143
\c@mincompwidth=\count144
Package biblatex Info: Trying to load biblatex default data model...
Package biblatex Info: ... file 'blx-dm.def' found.

(/usr/share/texlive/texmf-dist/tex/latex/biblatex/blx-dm.def)
Package biblatex Info: Trying to load biblatex citestyle data model...
Package biblatex Info: ... file 'verbose-note.dbx' not found.
Package biblatex Info: Trying to load biblatex custom data model...
Package biblatex Info: ... file 'biblatex-dm.cfg' not found.
\c@afterword=\count145
\c@savedafterword=\count146
\c@annotator=\count147
\c@savedannotator=\count148
\c@author=\count149
\c@savedauthor=\count150
\c@bookauthor=\count151
\c@savedbookauthor=\count152
\c@commentator=\count153
\c@savedcommentator=\count154
\c@editor=\count155
\c@savededitor=\count156
\c@editora=\count157
\c@savededitora=\count158
\c@editorb=\count159
\c@savededitorb=\count160
\c@editorc=\count161
\c@savededitorc=\count162
\c@foreword=\count163
\c@savedforeword=\count164
\c@holder=\count165
\c@savedholder=\count166
\c@introduction=\count167
\c@savedintroduction=\count168
\c@namea=\count169
\c@savednamea=\count170
\c@nameb=\count171
\c@savednameb=\count172
\c@namec=\count173
\c@savednamec=\count174
\c@shortauthor=\count175
\c@savedshortauthor=\count176
\c@shorteditor=\count177
\c@savedshorteditor=\count178
\c@translator=\count179
\c@savedtranslator=\count180
\c@labelname=\count181
\c@savedlabelname=\count182
\c@institution=\count183
\c@savedinstitution=\count184
\c@lista=\count185
\c@savedlista=\count186
\c@listb=\count187
\c@savedlistb=\count188
\c@listc=\count189
\c@savedlistc=\count190
\c@listd=\count191
\c@savedlistd=\count192
\c@liste=\count193
\c@savedliste=\count194
\c@listf=\count195
\c@savedlistf=\count196
\c@location=\count197
\c@savedlocation=\count198
\c@organization=\count199
\c@savedorganization=\count200
\c@origlocation=\count201
\c@savedoriglocation=\count202
\c@origpublisher=\count203
\c@savedorigpublisher=\count204
\c@publisher=\count205
\c@savedpublisher=\count206
\c@language=\count207
\c@savedlanguage=\count208
\c@pageref=\count209
\c@savedpageref=\count210
Package biblatex Info: Trying to load compatibility code...
Package biblatex Info: ... file 'blx-compat.def' found.

(/usr/share/texlive/texmf-dist/tex/latex/biblatex/blx-compat.def
File: blx-compat.def 2013/11/25 v2.8a biblatex compatibility (PK/JW/AB)
)
Package biblatex Info: Trying to load generic definitions...
Package biblatex Info: ... file 'biblatex.def' found.

(/usr/share/texlive/texmf-dist/tex/latex/biblatex/biblatex.def
File: biblatex.def 
\c@textcitecount=\count211
\c@textcitetotal=\count212
\c@textcitemaxnames=\count213
\c@biburlnumpenalty=\count214
\c@biburlucpenalty=\count215
\c@biburllcpenalty=\count216
\c@smartand=\count217
)
Package biblatex Info: Trying to load bibliography style 'numeric'...
Package biblatex Info: ... file 'numeric.bbx' found.

(/usr/share/texlive/texmf-dist/tex/latex/biblatex/bbx/numeric.bbx
File: numeric.bbx 2013/11/25 v2.8a biblatex bibliography style (PK/JW/AB)
Package biblatex Info: Trying to load bibliography style 'standard'...
Package biblatex Info: ... file 'standard.bbx' found.

(/usr/share/texlive/texmf-dist/tex/latex/biblatex/bbx/standard.bbx
File: standard.bbx 2013/11/25 v2.8a biblatex bibliography style (PK/JW/AB)
\c@bbx:relatedcount=\count218
\c@bbx:relatedtotal=\count219
))
Package biblatex Info: Trying to load citation style 'verbose-note'...
Package biblatex Info: ... file 'verbose-note.cbx' found.

(/usr/share/texlive/texmf-dist/tex/latex/biblatex/cbx/verbose-note.cbx
File: verbose-note.cbx 2013/11/25 v2.8a biblatex citation style (PK/JW/AB)
Package biblatex Info: Redefining '\cite'.
Package biblatex Info: Redefining '\parencite'.
Package biblatex Info: Redefining '\footcite'.
Package biblatex Info: Redefining '\footcitetext'.
Package biblatex Info: Redefining '\smartcite'.
Package biblatex Info: Redefining '\textcite'.
Package biblatex Info: Redefining '\textcites'.
)
Package biblatex Info: Trying to load configuration file...
Package biblatex Info: ... file 'biblatex.cfg' found.

(/usr/share/texlive/texmf-dist/tex/latex/biblatex/biblatex.cfg
File: biblatex.cfg 
)))
(/usr/share/texlive/texmf-dist/tex/latex/here/here.sty)
(/usr/share/texlive/texmf-dist/tex/latex/float/float.sty
Package: float 2001/11/08 v1.3d Float enhancements (AL)
\c@float@type=\count220
\float@exts=\toks26
\float@box=\box29
\@float@everytoks=\toks27
\@floatcapt=\box30
)
(/usr/share/texlive/texmf-dist/tex/latex/graphics/color.sty
Package: color 2005/11/14 v1.0j Standard LaTeX Color (DPC)

(/usr/share/texlive/texmf-dist/tex/latex/latexconfig/color.cfg
File: color.cfg 2007/01/18 v1.5 color configuration of teTeX/TeXLive
)
Package color Info: Driver file: pdftex.def on input line 130.

(/usr/share/texlive/texmf-dist/tex/latex/pdftex-def/pdftex.def
File: pdftex.def 2011/05/27 v0.06d Graphics/color for pdfTeX
\Gread@gobject=\count221
))
(/usr/share/texlive/texmf-dist/tex/latex/listings/listings.sty
\lst@mode=\count222
\lst@gtempboxa=\box31
\lst@token=\toks28
\lst@length=\count223
\lst@currlwidth=\dimen112
\lst@column=\count224
\lst@pos=\count225
\lst@lostspace=\dimen113
\lst@width=\dimen114
\lst@newlines=\count226
\lst@lineno=\count227
\lst@maxwidth=\dimen115

(/usr/share/texlive/texmf-dist/tex/latex/listings/lstmisc.sty
File: lstmisc.sty 2013/08/26 1.5b (Carsten Heinz)
\c@lstnumber=\count228
\lst@skipnumbers=\count229
\lst@framebox=\box32
)
(/usr/share/texlive/texmf-dist/tex/latex/listings/listings.cfg
File: listings.cfg 2013/08/26 1.5b listings configuration
))
Package: listings 2013/08/26 1.5b (Carsten Heinz)

(/usr/share/texlive/texmf-dist/tex/latex/psnfss/pifont.sty
Package: pifont 2005/04/12 PSNFSS-v9.2a Pi font support (SPQR) 
LaTeX Font Info:    Try loading font information for U+pzd on input line 63.

(/usr/share/texlive/texmf-dist/tex/latex/psnfss/upzd.fd
File: upzd.fd 2001/06/04 font definitions for U/pzd.
)
LaTeX Font Info:    Try loading font information for U+psy on input line 64.

(/usr/share/texlive/texmf-dist/tex/latex/psnfss/upsy.fd
File: upsy.fd 2001/06/04 font definitions for U/psy.
))
(/usr/share/texlive/texmf-dist/tex/latex/koma-script/scrpage2.sty
Package: scrpage2 2013/12/19 v3.12 KOMA-Script package (page head and foot)
LaTeX Info: Redefining \pagemark on input line 174.
)
(/usr/share/texlive/texmf-dist/tex/latex/graphics/graphicx.sty
Package: graphicx 1999/02/16 v1.0f Enhanced LaTeX Graphics (DPC,SPQR)

(/usr/share/texlive/texmf-dist/tex/latex/graphics/graphics.sty
Package: graphics 2009/02/05 v1.0o Standard LaTeX Graphics (DPC,SPQR)

(/usr/share/texlive/texmf-dist/tex/latex/graphics/trig.sty
Package: trig 1999/03/16 v1.09 sin cos tan (DPC)
)
(/usr/share/texlive/texmf-dist/tex/latex/latexconfig/graphics.cfg
File: graphics.cfg 2010/04/23 v1.9 graphics configuration of TeX Live
)
Package graphics Info: Driver file: pdftex.def on input line 91.
)
\Gin@req@height=\dimen116
\Gin@req@width=\dimen117
)
(/usr/share/texlive/texmf-dist/tex/latex/wrapfig/wrapfig.sty
\wrapoverhang=\dimen118
\WF@size=\dimen119
\c@WF@wrappedlines=\count230
\WF@box=\box33
\WF@everypar=\toks29
Package: wrapfig 2003/01/31  v 3.6
)
(/usr/share/texlive/texmf-dist/tex/latex/base/inputenc.sty
Package: inputenc 2008/03/30 v1.1d Input encoding file
\inpenc@prehook=\toks30
\inpenc@posthook=\toks31

(/usr/share/texlive/texmf-dist/tex/latex/base/ansinew.def
File: ansinew.def 2008/03/30 v1.1d Input encoding file
))
(/usr/share/texlive/texmf-dist/tex/generic/babel/babel.sty
Package: babel 2013/12/03 3.9h The Babel package

(/usr/share/texlive/texmf-dist/tex/generic/babel-german/ngermanb.ldf
Language: ngermanb 2013/12/13 v2.7 German support for babel (new orthography)

(/usr/share/texlive/texmf-dist/tex/generic/babel/babel.def
File: babel.def 2013/12/03 3.9h Babel common definitions
\babel@savecnt=\count231
\U@D=\dimen120
)
\l@naustrian = a dialect from \language\l@ngerman 
\l@nswissgerman = a dialect from \language\l@ngerman 
Package babel Info: Making " an active character on input line 88.
))
(/usr/share/texlive/texmf-dist/tex/latex/hyperref/hyperref.sty
Package: hyperref 2012/11/06 v6.83m Hypertext links for LaTeX

(/usr/share/texlive/texmf-dist/tex/generic/oberdiek/hobsub-hyperref.sty
Package: hobsub-hyperref 2012/05/28 v1.13 Bundle oberdiek, subset hyperref (HO)


(/usr/share/texlive/texmf-dist/tex/generic/oberdiek/hobsub-generic.sty
Package: hobsub-generic 2012/05/28 v1.13 Bundle oberdiek, subset generic (HO)
Package: hobsub 2012/05/28 v1.13 Construct package bundles (HO)
Package hobsub Info: Skipping package `infwarerr' (already loaded).
Package hobsub Info: Skipping package `ltxcmds' (already loaded).
Package hobsub Info: Skipping package `ifluatex' (already loaded).
Package: ifvtex 2010/03/01 v1.5 Detect VTeX and its facilities (HO)
Package ifvtex Info: VTeX not detected.
Package: intcalc 2007/09/27 v1.1 Expandable calculations with integers (HO)
Package: ifpdf 2011/01/30 v2.3 Provides the ifpdf switch (HO)
Package ifpdf Info: pdfTeX in PDF mode is detected.
Package hobsub Info: Skipping package `etexcmds' (already loaded).
Package hobsub Info: Skipping package `kvsetkeys' (already loaded).
Package: kvdefinekeys 2011/04/07 v1.3 Define keys (HO)
Package: pdftexcmds 2011/11/29 v0.20 Utility functions of pdfTeX for LuaTeX (HO
)
Package pdftexcmds Info: LuaTeX not detected.
Package pdftexcmds Info: \pdf@primitive is available.
Package pdftexcmds Info: \pdf@ifprimitive is available.
Package pdftexcmds Info: \pdfdraftmode found.
Package: pdfescape 2011/11/25 v1.13 Implements pdfTeX's escape features (HO)
Package: bigintcalc 2012/04/08 v1.3 Expandable calculations on big integers (HO
)
Package: bitset 2011/01/30 v1.1 Handle bit-vector datatype (HO)
Package: uniquecounter 2011/01/30 v1.2 Provide unlimited unique counter (HO)
)
Package hobsub Info: Skipping package `hobsub' (already loaded).
Package: letltxmacro 2010/09/02 v1.4 Let assignment for LaTeX macros (HO)
Package: hopatch 2012/05/28 v1.2 Wrapper for package hooks (HO)
Package: xcolor-patch 2011/01/30 xcolor patch
Package: atveryend 2011/06/30 v1.8 Hooks at the very end of document (HO)
Package: atbegshi 2011/10/05 v1.16 At begin shipout hook (HO)
Package: refcount 2011/10/16 v3.4 Data extraction from label references (HO)
Package: hycolor 2011/01/30 v1.7 Color options for hyperref/bookmark (HO)
)
(/usr/share/texlive/texmf-dist/tex/generic/ifxetex/ifxetex.sty
Package: ifxetex 2010/09/12 v0.6 Provides ifxetex conditional
)
(/usr/share/texlive/texmf-dist/tex/latex/oberdiek/auxhook.sty
Package: auxhook 2011/03/04 v1.3 Hooks for auxiliary files (HO)
)
\@linkdim=\dimen121
\Hy@linkcounter=\count232
\Hy@pagecounter=\count233

(/usr/share/texlive/texmf-dist/tex/latex/hyperref/pd1enc.def
File: pd1enc.def 2012/11/06 v6.83m Hyperref: PDFDocEncoding definition (HO)
)
Normal \count register pool exhausted, switching to extended pool.
\Hy@SavedSpaceFactor=\count277

(/usr/share/texlive/texmf-dist/tex/latex/latexconfig/hyperref.cfg
File: hyperref.cfg 2002/06/06 v1.2 hyperref configuration of TeXLive
)
Package hyperref Info: Hyper figures OFF on input line 4443.
Package hyperref Info: Link nesting OFF on input line 4448.
Package hyperref Info: Hyper index ON on input line 4451.
Package hyperref Info: Plain pages OFF on input line 4458.
Package hyperref Info: Backreferencing OFF on input line 4463.
Package hyperref Info: Implicit mode ON; LaTeX internals redefined.
Package hyperref Info: Bookmarks ON on input line 4688.
\c@Hy@tempcnt=\count278
LaTeX Info: Redefining \url on input line 5041.
\XeTeXLinkMargin=\dimen122
\Fld@menulength=\count279
\Field@Width=\dimen123
\Fld@charsize=\dimen124
Package hyperref Info: Hyper figures OFF on input line 6295.
Package hyperref Info: Link nesting OFF on input line 6300.
Package hyperref Info: Hyper index ON on input line 6303.
Package hyperref Info: backreferencing OFF on input line 6310.
Package hyperref Info: Link coloring OFF on input line 6315.
Package hyperref Info: Link coloring with OCG OFF on input line 6320.
Package hyperref Info: PDF/A mode OFF on input line 6325.
LaTeX Info: Redefining \ref on input line 6365.
LaTeX Info: Redefining \pageref on input line 6369.
\Hy@abspage=\count280
\c@Item=\count281
\c@Hfootnote=\count282
)

Package hyperref Message: Driver (autodetected): hpdftex.

(/usr/share/texlive/texmf-dist/tex/latex/hyperref/hpdftex.def
File: hpdftex.def 2012/11/06 v6.83m Hyperref driver for pdfTeX
\Fld@listcount=\count283
\c@bookmark@seq@number=\count284

(/usr/share/texlive/texmf-dist/tex/latex/oberdiek/rerunfilecheck.sty
Package: rerunfilecheck 2011/04/15 v1.7 Rerun checks for auxiliary files (HO)
Package uniquecounter Info: New unique counter `rerunfilecheck' on input line 2
82.
)
\Hy@SectionHShift=\skip63
)
Package biblatex Info: Trying to load language 'ngerman'...
Package biblatex Info: ... file 'ngerman.lbx' found.

(/usr/share/texlive/texmf-dist/tex/latex/biblatex/lbx/ngerman.lbx
File: ngerman.lbx 2013/11/25 v2.8a biblatex localization (PK/JW/AB)
Package biblatex Info: Trying to load language 'german'...
Package biblatex Info: ... file 'german.lbx' found.

(/usr/share/texlive/texmf-dist/tex/latex/biblatex/lbx/german.lbx
File: german.lbx 2013/11/25 v2.8a biblatex localization (PK/JW/AB)
))

Package biblatex Warning: 'babel/polyglossia' detected but 'csquotes' missing.
(biblatex)                Loading 'csquotes' recommended.

\@quotelevel=\count285
\@quotereset=\count286
(./SquashManager.aux

LaTeX Warning: Label `fig:coreconcept' multiply defined.


LaTeX Warning: Label `fig:coreconcept' multiply defined.


LaTeX Warning: Label `fig:coreconcept' multiply defined.


LaTeX Warning: Label `fig:coreconcept' multiply defined.


LaTeX Warning: Label `fig:coreconcept' multiply defined.


LaTeX Warning: Label `fig:coreconcept' multiply defined.

)
\openout1 = `SquashManager.aux'.

LaTeX Font Info:    Checking defaults for OML/cmm/m/it on input line 86.
LaTeX Font Info:    ... okay on input line 86.
LaTeX Font Info:    Checking defaults for T1/cmr/m/n on input line 86.
LaTeX Font Info:    ... okay on input line 86.
LaTeX Font Info:    Checking defaults for OT1/cmr/m/n on input line 86.
LaTeX Font Info:    ... okay on input line 86.
LaTeX Font Info:    Checking defaults for OMS/cmsy/m/n on input line 86.
LaTeX Font Info:    ... okay on input line 86.
LaTeX Font Info:    Checking defaults for OMX/cmex/m/n on input line 86.
LaTeX Font Info:    ... okay on input line 86.
LaTeX Font Info:    Checking defaults for U/cmr/m/n on input line 86.
LaTeX Font Info:    ... okay on input line 86.
LaTeX Font Info:    Checking defaults for PD1/pdf/m/n on input line 86.
LaTeX Font Info:    ... okay on input line 86.
Package lastpage Info: Please have a look at the pageslts package at
(lastpage)             http://www.ctan.org/tex-archive/ 
(lastpage)             macros/latex/contrib/pageslts/ 
(lastpage)             or
(lastpage)             http://www.ctan.org/tex-archive/ 
(lastpage)             install/macros/latex/contrib/pageslts.tds.zip
(lastpage)             ! on input line 86.
Package biblatex Info: Input encoding 'ansinew' detected.
Package biblatex Info: Automatic encoding selection.
(biblatex)             Assuming data encoding 'ansinew'.
\openout3 = `SquashManager.bcf'.

Package biblatex Info: Trying to load bibliographic data...
Package biblatex Info: ... file 'SquashManager.bbl' found.
 (./SquashManager.bbl)
Package biblatex Info: Reference section=0 on input line 86.
Package biblatex Info: Reference segment=0 on input line 86.

(/usr/share/texlive/texmf-dist/tex/context/base/supp-pdf.mkii
[Loading MPS to PDF converter (version 2006.09.02).]
\scratchcounter=\count287
\scratchdimen=\dimen125
\scratchbox=\box34
\nofMPsegments=\count288
\nofMParguments=\count289
\everyMPshowfont=\toks32
\MPscratchCnt=\count290
\MPscratchDim=\dimen126
\MPnumerator=\count291
\makeMPintoPDFobject=\count292
\everyMPtoPDFconversion=\toks33
)
\c@lstlisting=\count293
 (/usr/share/texlive/texmf-dist/tex/latex/oberdiek/epstopdf-base.sty
Package: epstopdf-base 2010/02/09 v2.5 Base part for package epstopdf

(/usr/share/texlive/texmf-dist/tex/latex/oberdiek/grfext.sty
Package: grfext 2010/08/19 v1.1 Manage graphics extensions (HO)
)
Package grfext Info: Graphics extension search list:
(grfext)             [.png,.pdf,.jpg,.mps,.jpeg,.jbig2,.jb2,.PNG,.PDF,.JPG,.JPE
G,.JBIG2,.JB2,.eps]
(grfext)             \AppendGraphicsExtensions on input line 452.

(/usr/share/texlive/texmf-dist/tex/latex/latexconfig/epstopdf-sys.cfg
File: epstopdf-sys.cfg 2010/07/13 v1.3 Configuration of (r)epstopdf for TeX Liv
e
))
\AtBeginShipoutBox=\box35
Package hyperref Info: Link coloring OFF on input line 86.

(/usr/share/texlive/texmf-dist/tex/latex/hyperref/nameref.sty
Package: nameref 2012/10/27 v2.43 Cross-referencing by name of section

(/usr/share/texlive/texmf-dist/tex/generic/oberdiek/gettitlestring.sty
Package: gettitlestring 2010/12/03 v1.4 Cleanup title references (HO)
)
\c@section@level=\count294
)
LaTeX Info: Redefining \ref on input line 86.
LaTeX Info: Redefining \pageref on input line 86.
LaTeX Info: Redefining \nameref on input line 86.

(./SquashManager.out) (./SquashManager.out)
\@outlinefile=\write4
\openout4 = `SquashManager.out'.


<Graphics/title.jpg, id=92, 452.69125pt x 446.66875pt>
File: Graphics/title.jpg Graphic file (type jpg)

<use Graphics/title.jpg>
Package pdftex.def Info: Graphics/title.jpg used on input line 91.
(pdftex.def)             Requested size: 300.0pt x 296.00864pt.


LaTeX Font Warning: Font shape `OT1/cmss/bx/it' undefined
(Font)              using `OT1/cmss/bx/n' instead on input line 91.

LaTeX Font Info:    Try loading font information for U+msa on input line 91.
(/usr/share/texlive/texmf-dist/tex/latex/amsfonts/umsa.fd
File: umsa.fd 2013/01/14 v3.01 AMS symbols A
)
LaTeX Font Info:    Try loading font information for U+msb on input line 91.

(/usr/share/texlive/texmf-dist/tex/latex/amsfonts/umsb.fd
File: umsb.fd 2013/01/14 v3.01 AMS symbols B
)
Package babel Info: Redefining ngerman shorthand "|
(babel)             in language  on input line 91.
Package babel Info: Redefining ngerman shorthand "~
(babel)             in language  on input line 91.
Package babel Info: Redefining ngerman shorthand "|
(babel)             in language  on input line 91.
Package babel Info: Redefining ngerman shorthand "~
(babel)             in language  on input line 91.
 [1



{/var/lib/texmf/fonts/map/pdftex/updmap/pdftex.map} <./Graphics/title.jpg>]
<Graphics/zhaw.jpg, id=101, 501.875pt x 501.875pt>
File: Graphics/zhaw.jpg Graphic file (type jpg)
 <use Graphics/zhaw.jpg>
Package pdftex.def Info: Graphics/zhaw.jpg used on input line 91.
(pdftex.def)             Requested size: 25.0pt x 24.99565pt.

Overfull \vbox (11.65572pt too high) has occurred while \output is active []

Package babel Info: Redefining ngerman shorthand "|
(babel)             in language  on input line 91.
Package babel Info: Redefining ngerman shorthand "~
(babel)             in language  on input line 91.
Package babel Info: Redefining ngerman shorthand "|
(babel)             in language  on input line 91.
Package babel Info: Redefining ngerman shorthand "~
(babel)             in language  on input line 91.

[2 <./Graphics/zhaw.jpg>] (./SquashManager.toc)
\tf@toc=\write5
\openout5 = `SquashManager.toc'.

 (./Library/1-MS.tex
File: Graphics/zhaw.jpg Graphic file (type jpg)

<use Graphics/zhaw.jpg>
Package pdftex.def Info: Graphics/zhaw.jpg used on input line 4.
(pdftex.def)             Requested size: 25.0pt x 24.99565pt.

Overfull \vbox (11.65572pt too high) has occurred while \output is active []

Package babel Info: Redefining ngerman shorthand "|
(babel)             in language  on input line 4.
Package babel Info: Redefining ngerman shorthand "~
(babel)             in language  on input line 4.
Package babel Info: Redefining ngerman shorthand "|
(babel)             in language  on input line 4.
Package babel Info: Redefining ngerman shorthand "~
(babel)             in language  on input line 4.

[3


]
Kapitel 1.
Package babel Info: Redefining ngerman shorthand "|
(babel)             in language  on input line 4.
Package babel Info: Redefining ngerman shorthand "~
(babel)             in language  on input line 4.

Class scrbook Warning: \float@addtolists detected!
(scrbook)              Implementation of \float@addtolist became
(scrbook)              deprecated in KOMA-Script v3.01 2008/11/14 and
(scrbook)              has been replaced by more several more flexible
(scrbook)              features of package `tocbasic`.
(scrbook)              Since Version 3.12 support for deprecated
(scrbook)              \float@addtolist interface has been
(scrbook)              restricted to only some of the KOMA-Script
(scrbook)              features and been removed from others.
(scrbook)              Loading of package `scrhack' may help to
(scrbook)              avoid this warning, if you are using a
(scrbook)              a package that still implements the
(scrbook)              deprecated \float@addtolist interface .

Package babel Info: Redefining ngerman shorthand "|
(babel)             in language  on input line 7.
Package babel Info: Redefining ngerman shorthand "~
(babel)             in language  on input line 7.
Package babel Info: Redefining ngerman shorthand "|
(babel)             in language  on input line 11.
Package babel Info: Redefining ngerman shorthand "~
(babel)             in language  on input line 11.
Package babel Info: Redefining ngerman shorthand "|
(babel)             in language  on input line 14.
Package babel Info: Redefining ngerman shorthand "~
(babel)             in language  on input line 14.
Package babel Info: Redefining ngerman shorthand "|
(babel)             in language  on input line 21.
Package babel Info: Redefining ngerman shorthand "~
(babel)             in language  on input line 21.
) (./Library/2-Def.tex
File: Graphics/zhaw.jpg Graphic file (type jpg)
 <use Graphics/zhaw.jpg>
Package pdftex.def Info: Graphics/zhaw.jpg used on input line 1.
(pdftex.def)             Requested size: 25.0pt x 24.99565pt.

Overfull \vbox (11.65572pt too high) has occurred while \output is active []

Package babel Info: Redefining ngerman shorthand "|
(babel)             in language  on input line 1.
Package babel Info: Redefining ngerman shorthand "~
(babel)             in language  on input line 1.
Package babel Info: Redefining ngerman shorthand "|
(babel)             in language  on input line 1.
Package babel Info: Redefining ngerman shorthand "~
(babel)             in language  on input line 1.

[4

]
Kapitel 2.
Package babel Info: Redefining ngerman shorthand "|
(babel)             in language  on input line 1.
Package babel Info: Redefining ngerman shorthand "~
(babel)             in language  on input line 1.
Package babel Info: Redefining ngerman shorthand "|
(babel)             in language  on input line 2.
Package babel Info: Redefining ngerman shorthand "~
(babel)             in language  on input line 2.
Package babel Info: Redefining ngerman shorthand "|
(babel)             in language  on input line 3.
Package babel Info: Redefining ngerman shorthand "~
(babel)             in language  on input line 3.
<Graphics/UC1.png, id=143, 923.45pt x 461.725pt>
File: Graphics/UC1.png Graphic file (type png)
 <use Graphics/UC1.png>
Package pdftex.def Info: Graphics/UC1.png used on input line 6.
(pdftex.def)             Requested size: 375.80542pt x 187.8994pt.
Package babel Info: Redefining ngerman shorthand "|
(babel)             in language  on input line 14.
Package babel Info: Redefining ngerman shorthand "~
(babel)             in language  on input line 14.

<Graphics/UC2.png, id=145, 1731.46875pt x 581.17125pt>
File: Graphics/UC2.png Graphic file (type png)
 <use Graphics/UC2.png>
Package pdftex.def Info: Graphics/UC2.png used on input line 17.
(pdftex.def)             Requested size: 375.80542pt x 126.13768pt.
Package babel Info: Redefining ngerman shorthand "|
(babel)             in language  on input line 24.
Package babel Info: Redefining ngerman shorthand "~
(babel)             in language  on input line 24.

<Graphics/UC3.png, id=146, 1204.5pt x 1468.48625pt>
File: Graphics/UC3.png Graphic file (type png)
 <use Graphics/UC3.png>
Package pdftex.def Info: Graphics/UC3.png used on input line 27.
(pdftex.def)             Requested size: 375.80542pt x 458.16139pt.
File: Graphics/zhaw.jpg Graphic file (type jpg)

<use Graphics/zhaw.jpg>
Package pdftex.def Info: Graphics/zhaw.jpg used on input line 31.
(pdftex.def)             Requested size: 25.0pt x 24.99565pt.

Overfull \vbox (11.65572pt too high) has occurred while \output is active []

Package babel Info: Redefining ngerman shorthand "|
(babel)             in language  on input line 31.
Package babel Info: Redefining ngerman shorthand "~
(babel)             in language  on input line 31.
Package babel Info: Redefining ngerman shorthand "|
(babel)             in language  on input line 31.
Package babel Info: Redefining ngerman shorthand "~
(babel)             in language  on input line 31.

[5

 <./Graphics/UC1.png> <./Graphics/UC2.png>]
Package babel Info: Redefining ngerman shorthand "|
(babel)             in language  on input line 35.
Package babel Info: Redefining ngerman shorthand "~
(babel)             in language  on input line 35.
File: Graphics/zhaw.jpg Graphic file (type jpg)
 <use Graphics/zhaw.jpg>
Package pdftex.def Info: Graphics/zhaw.jpg used on input line 40.
(pdftex.def)             Requested size: 25.0pt x 24.99565pt.

Overfull \vbox (11.65572pt too high) has occurred while \output is active []

Package babel Info: Redefining ngerman shorthand "|
(babel)             in language  on input line 40.
Package babel Info: Redefining ngerman shorthand "~
(babel)             in language  on input line 40.
Package babel Info: Redefining ngerman shorthand "|
(babel)             in language  on input line 40.
Package babel Info: Redefining ngerman shorthand "~
(babel)             in language  on input line 40.

[6 <./Graphics/UC3.png>]
File: Graphics/zhaw.jpg Graphic file (type jpg)
 <use Graphics/zhaw.jpg>
Package pdftex.def Info: Graphics/zhaw.jpg used on input line 45.
(pdftex.def)             Requested size: 25.0pt x 24.99565pt.

Overfull \vbox (11.65572pt too high) has occurred while \output is active []

Package babel Info: Redefining ngerman shorthand "|
(babel)             in language  on input line 45.
Package babel Info: Redefining ngerman shorthand "~
(babel)             in language  on input line 45.
Package babel Info: Redefining ngerman shorthand "|
(babel)             in language  on input line 45.
Package babel Info: Redefining ngerman shorthand "~
(babel)             in language  on input line 45.

[7]
Kapitel 3.
Package babel Info: Redefining ngerman shorthand "|
(babel)             in language  on input line 45.
Package babel Info: Redefining ngerman shorthand "~
(babel)             in language  on input line 45.
Package babel Info: Redefining ngerman shorthand "|
(babel)             in language  on input line 46.
Package babel Info: Redefining ngerman shorthand "~
(babel)             in language  on input line 46.
LaTeX Font Info:    Try loading font information for OMS+cmr on input line 49.
(/usr/share/texlive/texmf-dist/tex/latex/base/omscmr.fd
File: omscmr.fd 1999/05/25 v2.5h Standard LaTeX font definitions
)
LaTeX Font Info:    Font shape `OMS/cmr/m/n' in size <12> not available
(Font)              Font shape `OMS/cmsy/m/n' tried instead on input line 49.
Package babel Info: Redefining ngerman shorthand "|
(babel)             in language  on input line 54.
Package babel Info: Redefining ngerman shorthand "~
(babel)             in language  on input line 54.

<Graphics/serverclientcommunication.jpg, id=173, 1127.21124pt x 796.9775pt>
File: Graphics/serverclientcommunication.jpg Graphic file (type jpg)

<use Graphics/serverclientcommunication.jpg>
Package pdftex.def Info: Graphics/serverclientcommunication.jpg used on input l
ine 58.
(pdftex.def)             Requested size: 375.80542pt x 265.7031pt.
Package babel Info: Redefining ngerman shorthand "|
(babel)             in language  on input line 64.
Package babel Info: Redefining ngerman shorthand "~
(babel)             in language  on input line 64.

<Graphics/ERD.png, id=174, 1318.9275pt x 1093.08376pt>
File: Graphics/ERD.png Graphic file (type png)
 <use Graphics/ERD.png>
Package pdftex.def Info: Graphics/ERD.png used on input line 68.
(pdftex.def)             Requested size: 375.80542pt x 311.44872pt.
File: Graphics/zhaw.jpg Graphic file (type jpg)

<use Graphics/zhaw.jpg>
Package pdftex.def Info: Graphics/zhaw.jpg used on input line 73.
(pdftex.def)             Requested size: 25.0pt x 24.99565pt.

Overfull \vbox (11.65572pt too high) has occurred while \output is active []

Package babel Info: Redefining ngerman shorthand "|
(babel)             in language  on input line 73.
Package babel Info: Redefining ngerman shorthand "~
(babel)             in language  on input line 73.
Package babel Info: Redefining ngerman shorthand "|
(babel)             in language  on input line 73.
Package babel Info: Redefining ngerman shorthand "~
(babel)             in language  on input line 73.

[8

 <./Graphics/serverclientcommunication.jpg>]
File: Graphics/zhaw.jpg Graphic file (type jpg)
 <use Graphics/zhaw.jpg>
Package pdftex.def Info: Graphics/zhaw.jpg used on input line 86.
(pdftex.def)             Requested size: 25.0pt x 24.99565pt.

Overfull \vbox (11.65572pt too high) has occurred while \output is active []

Package babel Info: Redefining ngerman shorthand "|
(babel)             in language  on input line 86.
Package babel Info: Redefining ngerman shorthand "~
(babel)             in language  on input line 86.
Package babel Info: Redefining ngerman shorthand "|
(babel)             in language  on input line 86.
Package babel Info: Redefining ngerman shorthand "~
(babel)             in language  on input line 86.

[9 <./Graphics/ERD.png>]
Package babel Info: Redefining ngerman shorthand "|
(babel)             in language  on input line 89.
Package babel Info: Redefining ngerman shorthand "~
(babel)             in language  on input line 89.

<Graphics/APIArchitecture.png, id=189, 682.55pt x 883.3pt>
File: Graphics/APIArchitecture.png Graphic file (type png)

<use Graphics/APIArchitecture.png>
Package pdftex.def Info: Graphics/APIArchitecture.png used on input line 112.
(pdftex.def)             Requested size: 375.80542pt x 486.34215pt.

Underfull \vbox (badness 5832) has occurred while \output is active []

File: Graphics/zhaw.jpg Graphic file (type jpg)

<use Graphics/zhaw.jpg>
Package pdftex.def Info: Graphics/zhaw.jpg used on input line 117.
(pdftex.def)             Requested size: 25.0pt x 24.99565pt.

Overfull \vbox (11.65572pt too high) has occurred while \output is active []

Package babel Info: Redefining ngerman shorthand "|
(babel)             in language  on input line 117.
Package babel Info: Redefining ngerman shorthand "~
(babel)             in language  on input line 117.
Package babel Info: Redefining ngerman shorthand "|
(babel)             in language  on input line 117.
Package babel Info: Redefining ngerman shorthand "~
(babel)             in language  on input line 117.

[10]
File: Graphics/zhaw.jpg Graphic file (type jpg)
 <use Graphics/zhaw.jpg>
Package pdftex.def Info: Graphics/zhaw.jpg used on input line 120.
(pdftex.def)             Requested size: 25.0pt x 24.99565pt.

Overfull \vbox (11.65572pt too high) has occurred while \output is active []

Package babel Info: Redefining ngerman shorthand "|
(babel)             in language  on input line 120.
Package babel Info: Redefining ngerman shorthand "~
(babel)             in language  on input line 120.
Package babel Info: Redefining ngerman shorthand "|
(babel)             in language  on input line 120.
Package babel Info: Redefining ngerman shorthand "~
(babel)             in language  on input line 120.

[11 <./Graphics/APIArchitecture.png>]
Package babel Info: Redefining ngerman shorthand "|
(babel)             in language  on input line 121.
Package babel Info: Redefining ngerman shorthand "~
(babel)             in language  on input line 121.

<Graphics/APPArchitecture.png, id=202, 2356.805pt x 1901.1025pt>
File: Graphics/APPArchitecture.png Graphic file (type png)

<use Graphics/APPArchitecture.png>
Package pdftex.def Info: Graphics/APPArchitecture.png used on input line 126.
(pdftex.def)             Requested size: 375.80542pt x 303.1383pt.
Package babel Info: Redefining ngerman shorthand "|
(babel)             in language  on input line 140.
Package babel Info: Redefining ngerman shorthand "~
(babel)             in language  on input line 140.
File: Graphics/zhaw.jpg Graphic file (type jpg)
 <use Graphics/zhaw.jpg>
Package pdftex.def Info: Graphics/zhaw.jpg used on input line 142.
(pdftex.def)             Requested size: 25.0pt x 24.99565pt.

Overfull \vbox (11.65572pt too high) has occurred while \output is active []

Package babel Info: Redefining ngerman shorthand "|
(babel)             in language  on input line 142.
Package babel Info: Redefining ngerman shorthand "~
(babel)             in language  on input line 142.
Package babel Info: Redefining ngerman shorthand "|
(babel)             in language  on input line 142.
Package babel Info: Redefining ngerman shorthand "~
(babel)             in language  on input line 142.

[12 <./Graphics/APPArchitecture.png>]
Package babel Info: Redefining ngerman shorthand "|
(babel)             in language  on input line 145.
Package babel Info: Redefining ngerman shorthand "~
(babel)             in language  on input line 145.
) (./Library/3-Over.tex
File: Graphics/zhaw.jpg Graphic file (type jpg)

<use Graphics/zhaw.jpg>
Package pdftex.def Info: Graphics/zhaw.jpg used on input line 1.
(pdftex.def)             Requested size: 25.0pt x 24.99565pt.

Overfull \vbox (11.65572pt too high) has occurred while \output is active []

Package babel Info: Redefining ngerman shorthand "|
(babel)             in language  on input line 1.
Package babel Info: Redefining ngerman shorthand "~
(babel)             in language  on input line 1.
Package babel Info: Redefining ngerman shorthand "|
(babel)             in language  on input line 1.
Package babel Info: Redefining ngerman shorthand "~
(babel)             in language  on input line 1.

[13]
Kapitel 4.
Package babel Info: Redefining ngerman shorthand "|
(babel)             in language  on input line 1.
Package babel Info: Redefining ngerman shorthand "~
(babel)             in language  on input line 1.
Package babel Info: Redefining ngerman shorthand "|
(babel)             in language  on input line 2.
Package babel Info: Redefining ngerman shorthand "~
(babel)             in language  on input line 2.
Package babel Info: Redefining ngerman shorthand "|
(babel)             in language  on input line 7.
Package babel Info: Redefining ngerman shorthand "~
(babel)             in language  on input line 7.
)
File: Graphics/zhaw.jpg Graphic file (type jpg)
 <use Graphics/zhaw.jpg>
Package pdftex.def Info: Graphics/zhaw.jpg used on input line 112.
(pdftex.def)             Requested size: 25.0pt x 24.99565pt.

Overfull \vbox (11.65572pt too high) has occurred while \output is active []

Package babel Info: Redefining ngerman shorthand "|
(babel)             in language  on input line 112.
Package babel Info: Redefining ngerman shorthand "~
(babel)             in language  on input line 112.
Package babel Info: Redefining ngerman shorthand "|
(babel)             in language  on input line 112.
Package babel Info: Redefining ngerman shorthand "~
(babel)             in language  on input line 112.

[14

] (./SquashManager.lof)
\tf@lof=\write6
\openout6 = `SquashManager.lof'.



LaTeX Warning: Empty bibliography on input line 114.


AED: lastpage setting LastPage
File: Graphics/zhaw.jpg Graphic file (type jpg)
<use Graphics/zhaw.jpg>
Package pdftex.def Info: Graphics/zhaw.jpg used on input line 116.
(pdftex.def)             Requested size: 25.0pt x 24.99565pt.

Overfull \vbox (11.22069pt too high) has occurred while \output is active []

Package babel Info: Redefining ngerman shorthand "|
(babel)             in language  on input line 116.
Package babel Info: Redefining ngerman shorthand "~
(babel)             in language  on input line 116.
Package babel Info: Redefining ngerman shorthand "|
(babel)             in language  on input line 116.
Package babel Info: Redefining ngerman shorthand "~
(babel)             in language  on input line 116.

[15

]
Package babel Info: Redefining ngerman shorthand "|
(babel)             in language  on input line 116.
Package babel Info: Redefining ngerman shorthand "~
(babel)             in language  on input line 116.
Package atveryend Info: Empty hook `BeforeClearDocument' on input line 116.
Package atveryend Info: Empty hook `AfterLastShipout' on input line 116.
 (./SquashManager.aux)
Package atveryend Info: Executing hook `AtVeryEndDocument' on input line 116.
Package atveryend Info: Executing hook `AtEndAfterFileList' on input line 116.
Package rerunfilecheck Info: File `SquashManager.out' has not changed.
(rerunfilecheck)             Checksum: 4539020107E4E676D4CCC6F76D0477E6;1368.


LaTeX Font Warning: Some font shapes were not available, defaults substituted.


LaTeX Warning: There were undefined references.


LaTeX Warning: There were multiply-defined labels.


Package biblatex Warning: Please (re)run Biber on the file:
(biblatex)                SquashManager
(biblatex)                and rerun LaTeX afterwards.

Package logreq Info: Writing requests to 'SquashManager.run.xml'.
\openout1 = `SquashManager.run.xml'.

 ) 
Here is how much of TeX's memory you used:
 14999 strings out of 493304
 237550 string characters out of 6139871
 716637 words of memory out of 5000000
 18153 multiletter control sequences out of 15000+600000
 13377 words of font info for 50 fonts, out of 8000000 for 9000
 961 hyphenation exceptions out of 8191
 56i,14n,55p,840b,1750s stack positions out of 5000i,500n,10000p,200000b,80000s
</usr/share/texlive/texmf-dist/fonts/type1/public/amsfonts/cm/cmbx12.pfb></us
r/share/texlive/texmf-dist/fonts/type1/public/amsfonts/cm/cmr12.pfb></usr/share
/texlive/texmf-dist/fonts/type1/public/amsfonts/cm/cmr17.pfb></usr/share/texliv
e/texmf-dist/fonts/type1/public/amsfonts/cm/cmsl12.pfb></usr/share/texlive/texm
f-dist/fonts/type1/public/amsfonts/cm/cmssbx10.pfb></usr/share/texlive/texmf-di
st/fonts/type1/public/amsfonts/cm/cmsy10.pfb>
Output written on SquashManager.pdf (15 pages, 537243 bytes).
PDF statistics:
 269 PDF objects out of 1000 (max. 8388607)
 228 compressed objects within 3 object streams
 50 named destinations out of 1000 (max. 500000)
 222 words of extra memory for PDF output out of 10000 (max. 10000000)

