\BOOKMARK [0][-]{chapter.1}{Inhalt der Arbeit}{}% 1
\BOOKMARK [1][-]{section.1.1}{Motivation}{chapter.1}% 2
\BOOKMARK [1][-]{section.1.2}{Abgrenzung und Inhalt}{chapter.1}% 3
\BOOKMARK [1][-]{section.1.3}{Vorgehen}{chapter.1}% 4
\BOOKMARK [1][-]{section.1.4}{Zielsetzung der Arbeit}{chapter.1}% 5
\BOOKMARK [0][-]{chapter.2}{Planung und Features}{}% 6
\BOOKMARK [1][-]{section.2.1}{Features}{chapter.2}% 7
\BOOKMARK [2][-]{subsection.2.1.1}{Verabredung f\374r ein Spiel}{section.2.1}% 8
\BOOKMARK [2][-]{subsection.2.1.2}{Erstellen und Beitreten einer Liga}{section.2.1}% 9
\BOOKMARK [2][-]{subsection.2.1.3}{Spielen eines Matches}{section.2.1}% 10
\BOOKMARK [1][-]{section.2.2}{Planung}{chapter.2}% 11
\BOOKMARK [0][-]{chapter.3}{Implementation}{}% 12
\BOOKMARK [1][-]{section.3.1}{Technologien}{chapter.3}% 13
\BOOKMARK [1][-]{section.3.2}{Kommunikation zwischen Server und Client}{chapter.3}% 14
\BOOKMARK [1][-]{section.3.3}{DB}{chapter.3}% 15
\BOOKMARK [1][-]{section.3.4}{API}{chapter.3}% 16
\BOOKMARK [1][-]{section.3.5}{Android App}{chapter.3}% 17
\BOOKMARK [2][-]{subsection.3.5.1}{Liga Management}{section.3.5}% 18
\BOOKMARK [2][-]{subsection.3.5.2}{Spiel Management}{section.3.5}% 19
\BOOKMARK [0][-]{chapter.4}{Reflexion}{}% 20
\BOOKMARK [1][-]{section.4.1}{Planung und Tests}{chapter.4}% 21
\BOOKMARK [1][-]{section.4.2}{Funktionalit\344t}{chapter.4}% 22
